This is MetaPost, version 2.00 (MiKTeX 2.9.7140 64-bit) (MiKTeX 2.9.7140 64-bit)  27 AUG 2019 21:51
**mpgraph
(C:/Users/Juan David/AppData/Local/Programs/MiKTeX 2.9/metapost/base/mpost.mp
(C:/Users/Juan David/AppData/Local/Programs/MiKTeX 2.9/metapost/base/plain.mp
Preloading the plain mem file, version 1.005) )
! I can't open file `mpgraph'.
<*> mpgraph
           
Please type another input file name: a
(C:/Users/Juan David/AppData/Local/Programs/MiKTeX 2.9/fonts/source/public/levy-font/a.mf
! Extra tokens will be flushed.
<to be read again> 
                   readfrom
l.27 if unknown gen_sigma : readfrom
                                    ("gen_sigma") fi
? 
>> cmchar
! Isolated expression.
<to be read again> 
                   "Lowercase alpha"
l.52 cmchar "Lowercase alpha"
                             ;
? end

