/BATCH  
/COM,ANSYS RELEASE 2019 R1           BUILD 19.3      UP20181204       10:39:39
/input,menust,tmp,''
/GRA,POWER
/GST,ON
/PLO,INFO,3
/GRO,CURL,ON
/CPLANE,1   
/REPLOT,RESIZE  
WPSTYLE,,,,,,,,0
/REPLOT,RESIZE  
!*  
/NOPR   
KEYW,PR_SET,1   
KEYW,PR_STRUC,1 
KEYW,PR_THERM,0 
KEYW,PR_FLUID,0 
KEYW,PR_ELMAG,0 
KEYW,MAGNOD,0   
KEYW,MAGEDG,0   
KEYW,MAGHFE,0   
KEYW,MAGELC,0   
KEYW,PR_MULTI,0 
/GO 
!*  
/COM,   
/COM,Preferences for GUI filtering have been set to display:
/COM,  Structural   
!*  
/PREP7  
!*  
!*  
!*  
ET,1,PLANE183   
!*  
ET,2,PLANE183   
!*  
/BATCH  
/COM,ANSYS RELEASE 2019 R1           BUILD 19.3      UP20181204       10:45:57
/input,menust,tmp,''
/GRA,POWER
/GST,ON
/PLO,INFO,3
/GRO,CURL,ON
/CPLANE,1   
/REPLOT,RESIZE  
WPSTYLE,,,,,,,,0
!*  
/NOPR   
KEYW,PR_SET,1   
KEYW,PR_STRUC,1 
KEYW,PR_THERM,0 
KEYW,PR_FLUID,0 
KEYW,PR_ELMAG,0 
KEYW,MAGNOD,0   
KEYW,MAGEDG,0   
KEYW,MAGHFE,0   
KEYW,MAGELC,0   
KEYW,PR_MULTI,0 
/GO 
!*  
/COM,   
/COM,Preferences for GUI filtering have been set to display:
/COM,  Structural   
!*  
/PREP7  
!*  
ET,1,PLANE183   
!*  
!*  
KEYOPT,1,1,0
KEYOPT,1,3,2
KEYOPT,1,6,0
!*  
/REPLOT,RESIZE  
!*  
!*  
!*  
!*  
!*  
!*  
!*  
!*  
!*  
!*  
!*  
MPTEMP,,,,,,,,  
MPTEMP,1,0  
MPDATA,EX,1,,2.07E11
MPDATA,PRXY,1,,0.3  
MPTEMP,,,,,,,,  
MPTEMP,1,0  
MPDATA,DENS,1,,7850 
K,1,0,0,,   
K,2,0,12.5,,
K,3,20,12.5,,   
FINISH  
! /EXIT,NOSAV   
/BATCH  
/COM,ANSYS RELEASE 2019 R1           BUILD 19.3      UP20181204       10:52:57
/input,menust,tmp,''
/GRA,POWER
/GST,ON
/PLO,INFO,3
/GRO,CURL,ON
/CPLANE,1   
/REPLOT,RESIZE  
WPSTYLE,,,,,,,,0
!*  
/NOPR   
KEYW,PR_SET,1   
KEYW,PR_STRUC,1 
KEYW,PR_THERM,0 
KEYW,PR_FLUID,0 
KEYW,PR_ELMAG,0 
KEYW,MAGNOD,0   
KEYW,MAGEDG,0   
KEYW,MAGHFE,0   
KEYW,MAGELC,0   
KEYW,PR_MULTI,0 
/GO 
!*  
/COM,   
/COM,Preferences for GUI filtering have been set to display:
/COM,  Structural   
!*  
/PREP7  
!*  
ET,1,PLANE183   
!*  
!*  
KEYOPT,1,1,0
KEYOPT,1,3,2
KEYOPT,1,6,0
!*  
!*  
MPTEMP,,,,,,,,  
MPTEMP,1,0  
MPDATA,EX,1,,2.07E11
MPDATA,PRXY,1,,0.3  
MPTEMP,,,,,,,,  
MPTEMP,1,0  
MPDATA,DENS,1,,7850 
SAVE
SAVE
SAVE
SAVE
SAVE
/REPLOT,RESIZE  
/REPLOT,RESIZE  
K,1,0,0,,   
K,2,0,22.9,,
K,3,0,42.5,,
K,4,20,42.5,,   
K,5,42.5,0,,
K,6,30,0,,  
K,7,9.926,22.9,,
SAVE
SAVE
SAVE
SAVE
SAVE
SAVE
SAVE
SAVE
LSTR,       2,       3  
LSTR,       3,       4  
/REPLOT,RESIZE  
/DIST, 1 ,0.924021,1
/REP,FAST   
/DIST, 1 ,0.924021,1
/REP,FAST   
/DIST, 1 ,0.924021,1
/REP,FAST   
/DIST, 1 ,1.082226,1
/REP,FAST   
/DIST, 1 ,1.082226,1
/REP,FAST   
/DIST, 1 ,1.082226,1
/REP,FAST   
/DIST, 1 ,1.082226,1
/REP,FAST   
/DIST, 1 ,1.082226,1
/REP,FAST   
/DIST, 1 ,1.082226,1
/REP,FAST   
/DIST, 1 ,1.082226,1
/REP,FAST   
/DIST, 1 ,1.082226,1
/REP,FAST   
/DIST, 1 ,1.082226,1
/REP,FAST   
!*  
RESUME  
/COM,ANSYS RELEASE 2019 R1           BUILD 19.3      UP20181204       11:08:24
/PNUM,KP,1  
/PNUM,LINE,0
/PNUM,AREA,0
/PNUM,VOLU,0
/PNUM,NODE,0
/PNUM,TABN,0
/PNUM,SVAL,0
/PNUM,DOMA,0
/NUMBER,0   
!*  
/PNUM,ELEM,0
/REPLOT 
!*  
LSTR,       2,       3  
LSTR,       3,       4  
LSTR,       2,       7  
LSTR,       6,       5  
SAVE
K,8,30,0,,  
K,8,42.5,0,,
/DIST, 1 ,0.924021,1
/REP,FAST   
/DIST, 1 ,0.924021,1
/REP,FAST   
/DIST, 1 ,0.924021,1
/REP,FAST   
/DIST, 1 ,0.924021,1
/REP,FAST   
/DIST, 1 ,1.082226,1
/REP,FAST   
/DIST, 1 ,1.082226,1
/REP,FAST   
/DIST, 1 ,1.082226,1
/REP,FAST   
/DIST, 1 ,1.082226,1
/REP,FAST   
/USER,  1   
/DIST,  1,   22.5049549431  
/ANG,   1,  -1.50000000000  
/REPLO  
RESUME  
/COM,ANSYS RELEASE 2019 R1           BUILD 19.3      UP20181204       11:09:53
FINISH  
! /EXIT,NOSAV   
/BATCH  
/COM,ANSYS RELEASE 2019 R1           BUILD 19.3      UP20181204       11:10:38
/input,menust,tmp,''
/GRA,POWER
/GST,ON
/PLO,INFO,3
/GRO,CURL,ON
/CPLANE,1   
/REPLOT,RESIZE  
WPSTYLE,,,,,,,,0
!*  
/NOPR   
KEYW,PR_SET,1   
KEYW,PR_STRUC,1 
KEYW,PR_THERM,0 
KEYW,PR_FLUID,0 
KEYW,PR_ELMAG,0 
KEYW,MAGNOD,0   
KEYW,MAGEDG,0   
KEYW,MAGHFE,0   
KEYW,MAGELC,0   
KEYW,PR_MULTI,0 
/GO 
!*  
/COM,   
/COM,Preferences for GUI filtering have been set to display:
/COM,  Structural   
!*  
/PREP7  
!*  
ET,1,PLANE183   
!*  
!*  
KEYOPT,1,1,0
KEYOPT,1,3,2
KEYOPT,1,6,0
!*  
!*  
MPTEMP,,,,,,,,  
MPTEMP,1,0  
MPDATA,EX,1,,2.07E11
MPDATA,PRXY,1,,0.3  
MPTEMP,,,,,,,,  
MPTEMP,1,0  
MPDATA,DENS,1,,7850 
SAVE
SAVE
K,1,0,0,,   
K,1,0,0,,   
K,2,0,22.29,,   
/REPLOT,RESIZE  
K,3,0,42.5,,
SAVE
SAVE
SAVE
SAVE
SAVE
SAVE
SAVE
SAVE
!*  
FINISH  
! /EXIT,NOSAV   
/BATCH  
/COM,ANSYS RELEASE 2019 R1           BUILD 19.3      UP20181204       11:16:52
/input,menust,tmp,''
/GRA,POWER
/GST,ON
/PLO,INFO,3
/GRO,CURL,ON
/CPLANE,1   
/REPLOT,RESIZE  
WPSTYLE,,,,,,,,0
!*  
/NOPR   
KEYW,PR_SET,1   
KEYW,PR_STRUC,1 
KEYW,PR_THERM,0 
KEYW,PR_FLUID,0 
KEYW,PR_ELMAG,0 
KEYW,MAGNOD,0   
KEYW,MAGEDG,0   
KEYW,MAGHFE,0   
KEYW,MAGELC,0   
KEYW,PR_MULTI,0 
/GO 
!*  
/COM,   
/COM,Preferences for GUI filtering have been set to display:
/COM,  Structural   
!*  
/PREP7  
!*  
ET,1,PLANE183   
!*  
KEYOPT,1,1,0
KEYOPT,1,3,2
KEYOPT,1,6,0
!*  
SAVE
SAVE
!*  
MPTEMP,,,,,,,,  
MPTEMP,1,0  
MPDATA,EX,1,,2.07E11
MPDATA,PRXY,1,,0.3  
MPTEMP,,,,,,,,  
MPTEMP,1,0  
MPDATA,DENS,1,,7850 
/REPLOT,RESIZE  
SAVE
K,1,0,0,,   
K,2,0,0.02229,, 
K,3,0,0.0425,,  
SAVE
K,4,0.02,0.0425,,   
SAVE
K,5,0.06,0,,
K,5,0.0625,0,,  
K,6,0.06,0,,
SAVE
SAVE
K,7,8.78679E-3,0.0229,, 
LSTR,       2,       7  
RESUME  
/COM,ANSYS RELEASE 2019 R1           BUILD 19.3      UP20181204       11:22:48
/PNUM,KP,1  
/PNUM,LINE,0
/PNUM,AREA,0
/PNUM,VOLU,0
/PNUM,NODE,0
/PNUM,TABN,0
/PNUM,SVAL,0
/PNUM,DOMA,0
/NUMBER,0   
!*  
/PNUM,ELEM,0
/REPLOT 
!*  
SAVE
K,7,0.00878679,0.02,,   
K,7,0.00878679,0.02007,,
RESUME  
/COM,ANSYS RELEASE 2019 R1           BUILD 19.3      UP20181204       11:23:51
K,2,0,0.0207,,  
RESUME  
/COM,ANSYS RELEASE 2019 R1           BUILD 19.3      UP20181204       11:24:48
K,7,9.926,0.02229,, 
RESUME  
/COM,ANSYS RELEASE 2019 R1           BUILD 19.3      UP20181204       11:25:29
K,7,9.926e-3,0.02229,,  
LPLOT   
/DIST, 1 ,1.082226,1
/REP,FAST   
/DIST, 1 ,1.082226,1
/REP,FAST   
/DIST, 1 ,1.082226,1
/REP,FAST   
/DIST, 1 ,0.924021,1
/REP,FAST   
LSTR,       2,       7  
LSTR,       3,       4  
LSTR,       6,       5  
LSTR,       2,       3  
SAVE
/REPLOT,RESIZE  
LPLOT   
SAVE
/REPLOT,RESIZE  
FINISH  
! /EXIT,MODEL   
