/BATCH  
/COM,ANSYS RELEASE 2019 R1           BUILD 19.3      UP20181204       10:22:35
/input,menust,tmp,''
/GRA,POWER
/GST,ON
/PLO,INFO,3
/GRO,CURL,ON
/CPLANE,1   
/REPLOT,RESIZE  
WPSTYLE,,,,,,,,0
/REPLOT,RESIZE  
/REPLOT,RESIZE  
!*  
/NOPR   
KEYW,PR_SET,1   
KEYW,PR_STRUC,1 
KEYW,PR_THERM,0 
KEYW,PR_FLUID,0 
KEYW,PR_ELMAG,0 
KEYW,MAGNOD,0   
KEYW,MAGEDG,0   
KEYW,MAGHFE,0   
KEYW,MAGELC,0   
KEYW,PR_MULTI,0 
/GO 
!*  
/COM,   
/COM,Preferences for GUI filtering have been set to display:
/COM,  Structural   
!*  
/PREP7  
!*  
ET,1,PLANE183   
!*  
KEYOPT,1,1,0
KEYOPT,1,3,2
KEYOPT,1,6,0
!*  
!*  
MPTEMP,,,,,,,,  
MPTEMP,1,0  
MPDATA,EX,1,,2.07E11
MPDATA,PRXY,1,,0.3  
MPTEMP,,,,,,,,  
MPTEMP,1,0  
MPDATA,DENS,1,,7850 
K,1,0,0,,   
K,2,0,0.02229,, 
K,3,0.0425,0.02229,,
K,3,0,0.0425,,  
K,4,0.02,0.0425,,   
K,5,0.0725,0,,  
K,6,0.06,0,,
K,7,0.009926,0.02229,,  
SAVE
K,8,0.03,0,,
K,9,0.02,0,,
SAVE
LSTR,       2,       7  
LSTR,       2,       3  
LSTR,       3,       4  
LSTR,       5,       6  
K,6,0.06,0,,
K,5,0.0725,0,,  
RESUME  
/COM,ANSYS RELEASE 2019 R1           BUILD 19.3      UP20181204       10:31:55
/PNUM,KP,1  
/PNUM,LINE,0
/PNUM,AREA,0
/PNUM,VOLU,0
/PNUM,NODE,0
/PNUM,TABN,0
/PNUM,SVAL,0
/PNUM,DOMA,0
/NUMBER,0   
!*  
/PNUM,ELEM,0
/REPLOT 
!*  
K,5,0.0625,0,,  
SAVE
RESUME  
/COM,ANSYS RELEASE 2019 R1           BUILD 19.3      UP20181204       10:32:22
LSTR,       2,       3  
LSTR,       3,       4  
LSTR,       7,       2  
LSTR,       5,       6  
SAVE
!*  
LARC,7,6,8,0.03,
!*  
LARC,4,5,9,0.0425,  
RESUME  
/COM,ANSYS RELEASE 2019 R1           BUILD 19.3      UP20181204       10:34:29
/PNUM,KP,1  
/PNUM,LINE,0
/PNUM,AREA,0
/PNUM,VOLU,0
/PNUM,NODE,0
/PNUM,TABN,0
/PNUM,SVAL,0
/PNUM,DOMA,0
/NUMBER,0   
!*  
/PNUM,ELEM,0
/REPLOT 
!*  
KPLOT   
!*  
LARC,7,6,8,0.03,
!*  
LARC,4,5,9,0.0425,  
LPLOT   
SAVE
FLST,2,6,4  
FITEM,2,3   
FITEM,2,1   
FITEM,2,5   
FITEM,2,2   
FITEM,2,6   
FITEM,2,4   
AL,P51X 
SAVE
/UI,MESH,OFF
SMRT,6  
SMRT,5  
SMRT,4  
SMRT,3  
MSHAPE,0,2D 
MSHKEY,0
!*  
CM,_Y,AREA  
ASEL, , , ,       1 
CM,_Y1,AREA 
CHKMSH,'AREA'   
CMSEL,S,_Y  
!*  
AMESH,_Y1   
!*  
CMDELE,_Y   
CMDELE,_Y1  
CMDELE,_Y2  
!*  
SAVE
!*  
FLST,2,2,4,ORDE,2   
FITEM,2,1   
FITEM,2,4   
DL,P51X, ,SYMM  
FLST,2,1,4,ORDE,1   
FITEM,2,2   
/GO 
!*  
SFL,P51X,PRES,10,   
FINISH  
/SOL
/STATUS,SOLU
SOLVE   
FINISH  
/POST1  
PLDISP,0
PLDISP,1
PLDISP,2
/DIST, 1 ,0.924021,1
/REP,FAST   
/DIST, 1 ,1.082226,1
/REP,FAST   
/DIST, 1 ,1.082226,1
/REP,FAST   
/USER,  1   
/FOC,   1,  0.339093001513E-01,  0.259371799033E-01,   0.00000000000
/REPLO  
! POST1 
FINISH  
/PREP7  
LSCLEAR,ALL 
SAVE
FLST,3,1,5,ORDE,1   
FITEM,3,1   
ARSYM,X,P51X, , , ,0,0  
/DIST, 1 ,1.082226,1
/REP,FAST   
/DIST, 1 ,1.082226,1
/REP,FAST   
/DIST, 1 ,1.082226,1
/REP,FAST   
/DIST, 1 ,1.082226,1
/REP,FAST   
/DIST, 1 ,1.082226,1
/REP,FAST   
/DIST, 1 ,1.082226,1
/REP,FAST   
/DIST, 1 ,1.082226,1
/REP,FAST   
/DIST, 1 ,1.082226,1
/REP,FAST   
/DIST, 1 ,1.082226,1
/REP,FAST   
/DIST, 1 ,1.082226,1
/REP,FAST   
/DIST, 1 ,1.082226,1
/REP,FAST   
/DIST, 1 ,1.082226,1
/REP,FAST   
/DIST, 1 ,1.082226,1
/REP,FAST   
/DIST, 1 ,1.082226,1
/REP,FAST   
/DIST, 1 ,1.082226,1
/REP,FAST   
/DIST, 1 ,0.924021,1
/REP,FAST   
/DIST, 1 ,0.924021,1
/REP,FAST   
/DIST, 1 ,0.924021,1
/REP,FAST   
FLST,3,2,5,ORDE,2   
FITEM,3,1   
FITEM,3,-2  
ARSYM,Y,P51X, , , ,0,0  
/DIST, 1 ,1.082226,1
/REP,FAST   
/DIST, 1 ,1.082226,1
/REP,FAST   
/DIST, 1 ,1.082226,1
/REP,FAST   
/DIST, 1 ,1.082226,1
/REP,FAST   
/DIST, 1 ,1.082226,1
/REP,FAST   
/DIST,  1,  0.112812409519  
/ANG,   1, -0.900000000000  
/REPLO  
/FOC,   1,  0.123423606579E-01,  0.198442365845E-01,   0.00000000000
/REPLO  
/DIST, 1 ,0.924021,1
/REP,FAST   
/DIST, 1 ,0.924021,1
/REP,FAST   
/DIST, 1 ,0.924021,1
/REP,FAST   
/DIST, 1 ,0.924021,1
/REP,FAST   
/DIST, 1 ,0.924021,1
/REP,FAST   
/DIST, 1 ,0.924021,1
/REP,FAST   
/DIST, 1 ,0.924021,1
/REP,FAST   
/DIST, 1 ,1.082226,1
/REP,FAST   
/DIST,  1,  0.715622652115E-01  
/ANG,   1,   0.00000000000  
/REPLO  
SAVE
NUMMRG,ALL, , , ,LOW
APLOT   
/REPLOT 
EPLOT   
/DIST, 1 ,0.924021,1
/REP,FAST   
/DIST, 1 ,0.924021,1
/REP,FAST   
/DIST, 1 ,0.924021,1
/REP,FAST   
/FOC,   1,  0.319607801568E-02,  0.536262240099E-02,   0.00000000000
/REPLO  
SAVE
/REPLOT,RESIZE  
/PNUM,KP,0  
/PNUM,LINE,0
/PNUM,AREA,0
/PNUM,VOLU,0
/PNUM,NODE,1
/PNUM,TABN,0
/PNUM,SVAL,0
/PNUM,DOMA,0
/NUMBER,0   
!*  
/PNUM,ELEM,0
/REPLOT 
!*  
/DIST, 1 ,0.924021,1
/REP,FAST   
/DIST, 1 ,0.924021,1
/REP,FAST   
/DIST, 1 ,0.924021,1
/REP,FAST   
/DIST, 1 ,0.924021,1
/REP,FAST   
/DIST, 1 ,0.924021,1
/REP,FAST   
/DIST, 1 ,0.924021,1
/REP,FAST   
/DIST, 1 ,0.924021,1
/REP,FAST   
/DIST, 1 ,0.924021,1
/REP,FAST   
/DIST, 1 ,0.924021,1
/REP,FAST   
/DIST, 1 ,0.924021,1
/REP,FAST   
/DIST, 1 ,0.924021,1
/REP,FAST   
/DIST, 1 ,0.924021,1
/REP,FAST   
/DIST, 1 ,0.924021,1
/REP,FAST   
/DIST, 1 ,0.924021,1
/REP,FAST   
/DIST, 1 ,0.924021,1
/REP,FAST   
/DIST, 1 ,0.924021,1
/REP,FAST   
/DIST, 1 ,0.924021,1
/REP,FAST   
/DIST, 1 ,0.924021,1
/REP,FAST   
/FOC,   1,  0.256300223063E-02,  0.125715176308E-01,   0.00000000000
/REPLO  
/FOC,   1,  0.129685066052E-02,  0.167375647325E-01,   0.00000000000
/REPLO  
/DIST, 1 ,0.924021,1
/REP,FAST   
/DIST, 1 ,0.924021,1
/REP,FAST   
/DIST, 1 ,0.924021,1
/REP,FAST   
/DIST, 1 ,0.924021,1
/REP,FAST   
/DIST, 1 ,0.924021,1
/REP,FAST   
/DIST, 1 ,0.924021,1
/REP,FAST   
/DIST, 1 ,0.924021,1
/REP,FAST   
/FOC,   1,  0.392456762227E-03,  0.187577692845E-01,   0.00000000000
/REPLO  
/DIST, 1 ,0.924021,1
/REP,FAST   
/DIST, 1 ,0.924021,1
/REP,FAST   
/DIST, 1 ,0.924021,1
/REP,FAST   
/DIST, 1 ,0.924021,1
/REP,FAST   
/FOC,   1, -0.429531275248E-03,  0.205387433657E-01,   0.00000000000
/REPLO  
NUMSTR,DEFA 
/DIST, 1 ,1.082226,1
/REP,FAST   
/DIST, 1 ,1.082226,1
/REP,FAST   
/DIST, 1 ,1.082226,1
/REP,FAST   
/DIST, 1 ,1.082226,1
/REP,FAST   
/DIST, 1 ,1.082226,1
/REP,FAST   
/DIST, 1 ,1.082226,1
/REP,FAST   
/DIST, 1 ,1.082226,1
/REP,FAST   
/DIST, 1 ,1.082226,1
/REP,FAST   
/DIST, 1 ,1.082226,1
/REP,FAST   
/DIST, 1 ,1.082226,1
/REP,FAST   
/DIST, 1 ,1.082226,1
/REP,FAST   
/DIST, 1 ,1.082226,1
/REP,FAST   
/DIST, 1 ,1.082226,1
/REP,FAST   
/DIST, 1 ,1.082226,1
/REP,FAST   
/DIST, 1 ,1.082226,1
/REP,FAST   
/DIST, 1 ,1.082226,1
/REP,FAST   
/DIST, 1 ,1.082226,1
/REP,FAST   
/DIST, 1 ,1.082226,1
/REP,FAST   
/DIST, 1 ,1.082226,1
/REP,FAST   
/DIST, 1 ,1.082226,1
/REP,FAST   
/DIST, 1 ,1.082226,1
/REP,FAST   
/DIST, 1 ,1.082226,1
/REP,FAST   
/DIST, 1 ,1.082226,1
/REP,FAST   
/DIST, 1 ,1.082226,1
/REP,FAST   
/DIST, 1 ,1.082226,1
/REP,FAST   
/DIST, 1 ,1.082226,1
/REP,FAST   
/DIST, 1 ,1.082226,1
/REP,FAST   
/DIST, 1 ,1.082226,1
/REP,FAST   
/DIST, 1 ,1.082226,1
/REP,FAST   
/DIST, 1 ,1.082226,1
/REP,FAST   
/DIST, 1 ,1.082226,1
/REP,FAST   
/DIST, 1 ,1.082226,1
/REP,FAST   
/DIST, 1 ,0.924021,1
/REP,FAST   
/DIST, 1 ,0.924021,1
/REP,FAST   
/DIST, 1 ,0.924021,1
/REP,FAST   
/DIST, 1 ,0.924021,1
/REP,FAST   
/DIST, 1 ,0.924021,1
/REP,FAST   
/DIST, 1 ,0.924021,1
/REP,FAST   
/DIST, 1 ,0.924021,1
/REP,FAST   
/DIST, 1 ,0.924021,1
/REP,FAST   
/DIST, 1 ,0.924021,1
/REP,FAST   
/DIST, 1 ,0.924021,1
/REP,FAST   
/DIST, 1 ,0.924021,1
/REP,FAST   
/DIST, 1 ,0.924021,1
/REP,FAST   
/DIST, 1 ,0.924021,1
/REP,FAST   
/DIST, 1 ,0.924021,1
/REP,FAST   
/DIST, 1 ,0.924021,1
/REP,FAST   
/DIST, 1 ,0.924021,1
/REP,FAST   
/DIST, 1 ,0.924021,1
/REP,FAST   
/DIST, 1 ,0.924021,1
/REP,FAST   
/DIST, 1 ,0.924021,1
/REP,FAST   
/DIST, 1 ,0.924021,1
/REP,FAST   
/DIST, 1 ,0.924021,1
/REP,FAST   
/DIST, 1 ,0.924021,1
/REP,FAST   
/DIST, 1 ,0.924021,1
/REP,FAST   
/DIST, 1 ,0.924021,1
/REP,FAST   
/DIST, 1 ,0.924021,1
/REP,FAST   
/DIST, 1 ,0.924021,1
/REP,FAST   
/DIST, 1 ,0.924021,1
/REP,FAST   
/DIST, 1 ,0.924021,1
/REP,FAST   
/DIST, 1 ,0.924021,1
/REP,FAST   
/DIST, 1 ,0.924021,1
/REP,FAST   
/DIST, 1 ,0.924021,1
/REP,FAST   
/DIST, 1 ,0.924021,1
/REP,FAST   
/DIST, 1 ,0.924021,1
/REP,FAST   
/DIST, 1 ,0.924021,1
/REP,FAST   
/DIST, 1 ,0.924021,1
/REP,FAST   
/DIST, 1 ,0.924021,1
/REP,FAST   
/DIST, 1 ,0.924021,1
/REP,FAST   
/DIST, 1 ,1.082226,1
/REP,FAST   
/DIST, 1 ,1.082226,1
/REP,FAST   
/DIST, 1 ,1.082226,1
/REP,FAST   
/DIST, 1 ,1.082226,1
/REP,FAST   
/DIST, 1 ,1.082226,1
/REP,FAST   
/DIST, 1 ,1.082226,1
/REP,FAST   
/DIST, 1 ,1.082226,1
/REP,FAST   
/DIST, 1 ,1.082226,1
/REP,FAST   
/DIST, 1 ,1.082226,1
/REP,FAST   
/DIST, 1 ,1.082226,1
/REP,FAST   
/DIST, 1 ,1.082226,1
/REP,FAST   
/DIST, 1 ,1.082226,1
/REP,FAST   
/DIST, 1 ,1.082226,1
/REP,FAST   
/DIST, 1 ,1.082226,1
/REP,FAST   
/DIST, 1 ,1.082226,1
/REP,FAST   
/DIST, 1 ,1.082226,1
/REP,FAST   
/DIST, 1 ,1.082226,1
/REP,FAST   
/DIST, 1 ,1.082226,1
/REP,FAST   
/DIST, 1 ,1.082226,1
/REP,FAST   
/DIST, 1 ,1.082226,1
/REP,FAST   
/FOC,   1, -0.124470218219E-01,  0.179615659058E-01,   0.00000000000
/REPLO  
/FOC,   1, -0.190860550610E-01,  0.200345129931E-01,   0.00000000000
/REPLO  
/FOC,   1, -0.275739329996E-01,  0.245165607494E-01,   0.00000000000
/REPLO  
/FOC,   1, -0.364259773184E-01,  0.270377126123E-01,   0.00000000000
/REPLO  
/DIST, 1 ,0.924021,1
/REP,FAST   
/DIST, 1 ,0.924021,1
/REP,FAST   
/DIST, 1 ,0.924021,1
/REP,FAST   
/DIST, 1 ,0.924021,1
/REP,FAST   
/DIST, 1 ,0.924021,1
/REP,FAST   
/DIST, 1 ,0.924021,1
/REP,FAST   
/DIST, 1 ,0.924021,1
/REP,FAST   
/DIST, 1 ,0.924021,1
/REP,FAST   
/DIST, 1 ,0.924021,1
/REP,FAST   
/DIST, 1 ,0.924021,1
/REP,FAST   
/DIST, 1 ,0.924021,1
/REP,FAST   
/DIST, 1 ,0.924021,1
/REP,FAST   
/DIST, 1 ,0.924021,1
/REP,FAST   
/DIST, 1 ,0.924021,1
/REP,FAST   
/DIST, 1 ,0.924021,1
/REP,FAST   
/DIST, 1 ,1.082226,1
/REP,FAST   
/DIST, 1 ,1.082226,1
/REP,FAST   
/DIST, 1 ,1.082226,1
/REP,FAST   
/DIST, 1 ,1.082226,1
/REP,FAST   
/DIST, 1 ,1.082226,1
/REP,FAST   
/DIST, 1 ,1.082226,1
/REP,FAST   
/DIST, 1 ,1.082226,1
/REP,FAST   
/DIST, 1 ,1.082226,1
/REP,FAST   
/DIST, 1 ,1.082226,1
/REP,FAST   
/DIST, 1 ,1.082226,1
/REP,FAST   
/DIST, 1 ,1.082226,1
/REP,FAST   
/DIST, 1 ,1.082226,1
/REP,FAST   
/DIST, 1 ,1.082226,1
/REP,FAST   
/DIST, 1 ,1.082226,1
/REP,FAST   
/DIST, 1 ,1.082226,1
/REP,FAST   
/DIST, 1 ,1.082226,1
/REP,FAST   
/DIST, 1 ,1.082226,1
/REP,FAST   
/DIST, 1 ,1.082226,1
/REP,FAST   
/DIST, 1 ,1.082226,1
/REP,FAST   
/DIST, 1 ,1.082226,1
/REP,FAST   
/DIST, 1 ,1.082226,1
/REP,FAST   
/DIST, 1 ,1.082226,1
/REP,FAST   
/DIST, 1 ,1.082226,1
/REP,FAST   
/DIST, 1 ,1.082226,1
/REP,FAST   
/DIST, 1 ,1.082226,1
/REP,FAST   
/DIST, 1 ,1.082226,1
/REP,FAST   
/DIST, 1 ,1.082226,1
/REP,FAST   
/DIST, 1 ,1.082226,1
/REP,FAST   
/DIST, 1 ,1.082226,1
/REP,FAST   
/DIST, 1 ,1.082226,1
/REP,FAST   
/DIST, 1 ,1.082226,1
/REP,FAST   
/DIST, 1 ,1.082226,1
/REP,FAST   
/DIST, 1 ,1.082226,1
/REP,FAST   
/FOC,   1, -0.587446865282E-02,  0.450161876773E-02,   0.00000000000
/REPLO  
/DIST, 1 ,0.924021,1
/REP,FAST   
/DIST, 1 ,0.924021,1
/REP,FAST   
/DIST, 1 ,0.924021,1
/REP,FAST   
/FOC,   1,  0.237277975100E-01, -0.164857464065E-01,   0.00000000000
/REPLO  
/FOC,   1,  0.413241910185E-01, -0.264753656379E-01,   0.00000000000
/REPLO  
/DIST, 1 ,0.924021,1
/REP,FAST   
/DIST, 1 ,0.924021,1
/REP,FAST   
/DIST, 1 ,0.924021,1
/REP,FAST   
/DIST, 1 ,0.924021,1
/REP,FAST   
/DIST, 1 ,0.924021,1
/REP,FAST   
/DIST, 1 ,0.924021,1
/REP,FAST   
/DIST, 1 ,0.924021,1
/REP,FAST   
/DIST, 1 ,0.924021,1
/REP,FAST   
/DIST, 1 ,0.924021,1
/REP,FAST   
/DIST, 1 ,0.924021,1
/REP,FAST   
/DIST, 1 ,0.924021,1
/REP,FAST   
/DIST, 1 ,0.924021,1
/REP,FAST   
/DIST, 1 ,0.924021,1
/REP,FAST   
/DIST, 1 ,0.924021,1
/REP,FAST   
/DIST, 1 ,0.924021,1
/REP,FAST   
/DIST, 1 ,0.924021,1
/REP,FAST   
/DIST, 1 ,0.924021,1
/REP,FAST   
/DIST, 1 ,0.924021,1
/REP,FAST   
/DIST, 1 ,0.924021,1
/REP,FAST   
/DIST, 1 ,0.924021,1
/REP,FAST   
/DIST, 1 ,0.924021,1
/REP,FAST   
/DIST, 1 ,0.924021,1
/REP,FAST   
/DIST, 1 ,0.924021,1
/REP,FAST   
/DIST, 1 ,0.924021,1
/REP,FAST   
/DIST, 1 ,0.924021,1
/REP,FAST   
/DIST, 1 ,0.924021,1
/REP,FAST   
/DIST, 1 ,0.924021,1
/REP,FAST   
/DIST, 1 ,0.924021,1
/REP,FAST   
/DIST, 1 ,0.924021,1
/REP,FAST   
/DIST, 1 ,0.924021,1
/REP,FAST   
/DIST, 1 ,1.082226,1
/REP,FAST   
/DIST, 1 ,1.082226,1
/REP,FAST   
/DIST, 1 ,1.082226,1
/REP,FAST   
/DIST, 1 ,1.082226,1
/REP,FAST   
/DIST, 1 ,1.082226,1
/REP,FAST   
/DIST, 1 ,1.082226,1
/REP,FAST   
/DIST, 1 ,1.082226,1
/REP,FAST   
/DIST, 1 ,1.082226,1
/REP,FAST   
/DIST, 1 ,1.082226,1
/REP,FAST   
/DIST, 1 ,1.082226,1
/REP,FAST   
/DIST, 1 ,1.082226,1
/REP,FAST   
/DIST, 1 ,1.082226,1
/REP,FAST   
/DIST, 1 ,1.082226,1
/REP,FAST   
/DIST, 1 ,1.082226,1
/REP,FAST   
/DIST, 1 ,1.082226,1
/REP,FAST   
/DIST, 1 ,1.082226,1
/REP,FAST   
/DIST, 1 ,1.082226,1
/REP,FAST   
/DIST, 1 ,1.082226,1
/REP,FAST   
/DIST, 1 ,1.082226,1
/REP,FAST   
/DIST, 1 ,1.082226,1
/REP,FAST   
/DIST, 1 ,1.082226,1
/REP,FAST   
/DIST, 1 ,1.082226,1
/REP,FAST   
/DIST, 1 ,1.082226,1
/REP,FAST   
/DIST, 1 ,1.082226,1
/REP,FAST   
/DIST, 1 ,1.082226,1
/REP,FAST   
/DIST, 1 ,1.082226,1
/REP,FAST   
/DIST, 1 ,1.082226,1
/REP,FAST   
/DIST, 1 ,1.082226,1
/REP,FAST   
/DIST, 1 ,1.082226,1
/REP,FAST   
/DIST, 1 ,1.082226,1
/REP,FAST   
/FOC,   1,  0.193289955778E-01, -0.132782483735E-01,   0.00000000000
/REPLO  
/FOC,   1,  0.659011155171E-02, -0.612980985526E-02,   0.00000000000
/REPLO  
/FOC,   1, -0.642371241739E-02,  0.743688719969E-03,   0.00000000000
/REPLO  
/PNUM,KP,0  
/PNUM,LINE,0
/PNUM,AREA,0
/PNUM,VOLU,0
/PNUM,NODE,0
/PNUM,TABN,0
/PNUM,SVAL,0
/PNUM,DOMA,0
/NUMBER,0   
!*  
/PNUM,ELEM,0
/REPLOT 
!*  
SAVE
/REPLOT,RESIZE  
SAVE
FLST,2,2,4,ORDE,2   
FITEM,2,15  
FITEM,2,21  
!*  
/GO 
DL,P51X, ,UY,   
FLST,2,2,4,ORDE,2   
FITEM,2,2   
FITEM,2,9   
/GO 
!*  
SFL,P51X,PRES,10,   
FINISH  
/SOL
!*  
ANTYPE,2
!*  
!*  
MODOPT,SUBSP,5  
MXPAND,5, , ,1  
LUMPM,0 
PSTRES,0
!*  
FINISH  
/PREP7  
FLST,2,1,3,ORDE,1   
FITEM,2,18  
!*  
/GO 
DK,P51X, , , ,0,UX, , , , , ,   
FINISH  
/SOL
!*  
!*  
!*  
MODOPT,SUBSP,5  
MXPAND,5, , ,1  
LUMPM,0 
PSTRES,0
!*  
FINISH  
/PREP7  
LSCLEAR,ALL 
SAVE
FLST,2,2,4,ORDE,2   
FITEM,2,15  
FITEM,2,21  
!*  
/GO 
DL,P51X, ,UY,   
FLST,2,1,3,ORDE,1   
FITEM,2,18  
!*  
/GO 
DK,P51X, , , ,0,UX, , , , , ,   
FLST,2,2,4,ORDE,2   
FITEM,2,2   
FITEM,2,9   
/GO 
!*  
SFL,P51X,PRES,10E6, 
SAVE
FINISH  
/SOL
!*  
!*  
MODOPT,SUBSP,5  
MXPAND,0, , ,0  
LUMPM,0 
PSTRES,0
!*  
!*  
!*  
MODOPT,SUBSP,5  
MXPAND,5, , ,1  
LUMPM,0 
PSTRES,0
!*  
MODOPT,SUBSP,5,0,0, ,OFF
RIGID,  
SUBOPT,STRMCHK,0
SUBOPT,MEMORY,AUTO  
!*  
!*  
!*  
MODOPT,SUBSP,5  
MXPAND,5, , ,1  
LUMPM,0 
PSTRES,0
!*  
MODOPT,SUBSP,5,0,0, ,OFF
RIGID,  
SUBOPT,STRMCHK,0
SUBOPT,MEMORY,AUTO  
!*  
/STATUS,SOLU
SOLVE   
FINISH  
/POST1  
SAVE
SET,LIST
PLDISP,2
FINISH  
/PREP7  
NUMMRG,ALL, , , ,LOW
NUMMRG,ALL, , , ,LOW
LSCLEAR,ALL 
LSCLEAR,ALL 
/REPLOT 
FLST,2,2,4,ORDE,2   
FITEM,2,15  
FITEM,2,21  
!*  
/GO 
DL,P51X, ,UY,   
FLST,2,1,3,ORDE,1   
FITEM,2,18  
!*  
/GO 
DK,P51X, , , ,0,UX, , , , , ,   
FLST,2,2,4,ORDE,2   
FITEM,2,2   
FITEM,2,9   
/GO 
!*  
SFL,P51X,PRES,10000000, 
SAVE
FINISH  
/SOL
/STATUS,SOLU
SOLVE   
FINISH  
/POST1  
SET,LIST
PLDISP,2
FINISH  
/PREP7  
/REPLOT 
FLST,2,4,5,ORDE,2   
FITEM,2,1   
FITEM,2,-4  
AADD,P51X   
FLST,2,5,5,ORDE,2   
FITEM,2,1   
FITEM,2,-5  
ACLEAR,P51X 
/REPLOT 
FLST,2,5,5,ORDE,2   
FITEM,2,1   
FITEM,2,-5  
AADD,P51X   
SAVE
CM,_Y,AREA  
ASEL, , , ,       5 
CM,_Y1,AREA 
CHKMSH,'AREA'   
CMSEL,S,_Y  
!*  
AMESH,_Y1   
!*  
CMDELE,_Y   
CMDELE,_Y1  
CMDELE,_Y2  
!*  
SAVE
FLST,2,2,4,ORDE,2   
FITEM,2,2   
FITEM,2,9   
/GO 
!*  
SFL,P51X,PRES,10000000, 
FLST,2,2,4,ORDE,2   
FITEM,2,15  
FITEM,2,21  
!*  
/GO 
DL,P51X, ,UY,   
FLST,2,1,3,ORDE,1   
FITEM,2,18  
!*  
/GO 
DK,P51X, , , ,0,UX, , , , , ,   
FINISH  
/SOL
!*  
ANTYPE,2
!*  
!*  
MODOPT,SUBSP,5  
MXPAND,0, , ,1  
LUMPM,0 
PSTRES,0
!*  
MODOPT,SUBSP,5,0,0, ,OFF
RIGID,  
SUBOPT,STRMCHK,0
SUBOPT,MEMORY,AUTO  
!*  
/STATUS,SOLU
SOLVE   
FINISH  
/POST1  
SET,LIST
PLDISP,2
!*  
SET,NEXT
PLDISP,2
!*  
PLNS,S,EQV  
ANMODE,10,0.5, ,0   
!*  
SET,LIST
SET,FIRST   
SAVE
!*  
PLNS,S,EQV  
ANMODE,10,0.5, ,0   
!*  
!*  
PLNS,EPTO,EQV   
ANMODE,10,0.5, ,0   
!*  
!*  
PLNS,NL,SEPL
ANMODE,10,0.5, ,0   
!*  
SET,FIRST   
RESUME  
/COM,ANSYS RELEASE 2019 R1           BUILD 19.3      UP20181204       11:15:36
/REPLOT,RESIZE  
SET,FIRST   
!*  
PLNS,NL,SEPL
ANMODE,10,0.5, ,0   
!*  
SET,NEXT
SET,LIST
SAVE
SAVE
FINISH  
! /EXIT,ALL 
