This is TeX, Version 3.14159265 (MiKTeX 2.9.7140 64-bit) (preloaded format=tex 2019.8.27)  27 AUG 2019 21:52
**./mpHGo76z.tex
(mpHGo76z.tex
! Undefined control sequence.
l.2 \documentclass
                  {article}
The control sequence at the end of the top line
of your error message was never \def'ed. If you have
misspelled it (e.g., `\hobx'), type `I' and the correct
spelling (e.g., `I\hbox'). Otherwise just continue,
and I'll forget about whatever was undefined.

! Undefined control sequence.
l.3 \begin
          {document}
The control sequence at the end of the top line
of your error message was never \def'ed. If you have
misspelled it (e.g., `\hobx'), type `I' and the correct
spelling (e.g., `I\hbox'). Otherwise just continue,
and I'll forget about whatever was undefined.

! Undefined control sequence.
l.4 \thispagestyle
                  {empty}
The control sequence at the end of the top line
of your error message was never \def'ed. If you have
misspelled it (e.g., `\hobx'), type `I' and the correct
spelling (e.g., `I\hbox'). Otherwise just continue,
and I'll forget about whatever was undefined.

[1] [1] [1] [1] )
Output written on mpHGo76z.dvi (4 pages, 508 bytes).
